  ChangeTileStatus.cpp
  GameManager.cpp
  GridManager.cpp
C:\Users\p.serenrosso\Downloads\Tic-tac-toe\TicTacToe\SoloGame\GridManager.cpp(1,10): warning C4067: unexpected tokens following preprocessor directive - expected a newline
C:\Users\p.serenrosso\Downloads\Tic-tac-toe\TicTacToe\SoloGame\GridManager.cpp(32,96): warning C4244: 'argument': conversion from 'int' to 'T', possible loss of data
C:\Users\p.serenrosso\Downloads\Tic-tac-toe\TicTacToe\SoloGame\GridManager.cpp(32,96): warning C4244:         with
C:\Users\p.serenrosso\Downloads\Tic-tac-toe\TicTacToe\SoloGame\GridManager.cpp(32,96): warning C4244:         [
C:\Users\p.serenrosso\Downloads\Tic-tac-toe\TicTacToe\SoloGame\GridManager.cpp(32,96): warning C4244:             T=float
C:\Users\p.serenrosso\Downloads\Tic-tac-toe\TicTacToe\SoloGame\GridManager.cpp(32,96): warning C4244:         ]
C:\Users\p.serenrosso\Downloads\Tic-tac-toe\TicTacToe\SoloGame\GridManager.cpp(32,75): warning C4244: 'argument': conversion from 'int' to 'T', possible loss of data
C:\Users\p.serenrosso\Downloads\Tic-tac-toe\TicTacToe\SoloGame\GridManager.cpp(32,75): warning C4244:         with
C:\Users\p.serenrosso\Downloads\Tic-tac-toe\TicTacToe\SoloGame\GridManager.cpp(32,75): warning C4244:         [
C:\Users\p.serenrosso\Downloads\Tic-tac-toe\TicTacToe\SoloGame\GridManager.cpp(32,75): warning C4244:             T=float
C:\Users\p.serenrosso\Downloads\Tic-tac-toe\TicTacToe\SoloGame\GridManager.cpp(32,75): warning C4244:         ]
C:\Users\p.serenrosso\Downloads\Tic-tac-toe\TicTacToe\SoloGame\GridManager.cpp(33,69): warning C4244: 'argument': conversion from 'unsigned int' to 'T', possible loss of data
C:\Users\p.serenrosso\Downloads\Tic-tac-toe\TicTacToe\SoloGame\GridManager.cpp(33,69): warning C4244:         with
C:\Users\p.serenrosso\Downloads\Tic-tac-toe\TicTacToe\SoloGame\GridManager.cpp(33,69): warning C4244:         [
C:\Users\p.serenrosso\Downloads\Tic-tac-toe\TicTacToe\SoloGame\GridManager.cpp(33,69): warning C4244:             T=float
C:\Users\p.serenrosso\Downloads\Tic-tac-toe\TicTacToe\SoloGame\GridManager.cpp(33,69): warning C4244:         ]
C:\Users\p.serenrosso\Downloads\Tic-tac-toe\TicTacToe\SoloGame\GridManager.cpp(33,54): warning C4244: 'argument': conversion from 'int' to 'T', possible loss of data
C:\Users\p.serenrosso\Downloads\Tic-tac-toe\TicTacToe\SoloGame\GridManager.cpp(33,54): warning C4244:         with
C:\Users\p.serenrosso\Downloads\Tic-tac-toe\TicTacToe\SoloGame\GridManager.cpp(33,54): warning C4244:         [
C:\Users\p.serenrosso\Downloads\Tic-tac-toe\TicTacToe\SoloGame\GridManager.cpp(33,54): warning C4244:             T=float
C:\Users\p.serenrosso\Downloads\Tic-tac-toe\TicTacToe\SoloGame\GridManager.cpp(33,54): warning C4244:         ]
C:\Users\p.serenrosso\Downloads\Tic-tac-toe\TicTacToe\SoloGame\GridManager.cpp(37,85): warning C4244: 'argument': conversion from 'int' to 'T', possible loss of data
C:\Users\p.serenrosso\Downloads\Tic-tac-toe\TicTacToe\SoloGame\GridManager.cpp(37,85): warning C4244:         with
C:\Users\p.serenrosso\Downloads\Tic-tac-toe\TicTacToe\SoloGame\GridManager.cpp(37,85): warning C4244:         [
C:\Users\p.serenrosso\Downloads\Tic-tac-toe\TicTacToe\SoloGame\GridManager.cpp(37,85): warning C4244:             T=float
C:\Users\p.serenrosso\Downloads\Tic-tac-toe\TicTacToe\SoloGame\GridManager.cpp(37,85): warning C4244:         ]
C:\Users\p.serenrosso\Downloads\Tic-tac-toe\TicTacToe\SoloGame\GridManager.cpp(37,66): warning C4244: 'argument': conversion from 'int' to 'T', possible loss of data
C:\Users\p.serenrosso\Downloads\Tic-tac-toe\TicTacToe\SoloGame\GridManager.cpp(37,66): warning C4244:         with
C:\Users\p.serenrosso\Downloads\Tic-tac-toe\TicTacToe\SoloGame\GridManager.cpp(37,66): warning C4244:         [
C:\Users\p.serenrosso\Downloads\Tic-tac-toe\TicTacToe\SoloGame\GridManager.cpp(37,66): warning C4244:             T=float
C:\Users\p.serenrosso\Downloads\Tic-tac-toe\TicTacToe\SoloGame\GridManager.cpp(37,66): warning C4244:         ]
C:\Users\p.serenrosso\Downloads\Tic-tac-toe\TicTacToe\SoloGame\GridManager.cpp(38,87): warning C4244: 'argument': conversion from 'int' to 'T', possible loss of data
C:\Users\p.serenrosso\Downloads\Tic-tac-toe\TicTacToe\SoloGame\GridManager.cpp(38,87): warning C4244:         with
C:\Users\p.serenrosso\Downloads\Tic-tac-toe\TicTacToe\SoloGame\GridManager.cpp(38,87): warning C4244:         [
C:\Users\p.serenrosso\Downloads\Tic-tac-toe\TicTacToe\SoloGame\GridManager.cpp(38,87): warning C4244:             T=float
C:\Users\p.serenrosso\Downloads\Tic-tac-toe\TicTacToe\SoloGame\GridManager.cpp(38,87): warning C4244:         ]
C:\Users\p.serenrosso\Downloads\Tic-tac-toe\TicTacToe\SoloGame\GridManager.cpp(38,61): warning C4244: 'argument': conversion from 'unsigned int' to 'T', possible loss of data
C:\Users\p.serenrosso\Downloads\Tic-tac-toe\TicTacToe\SoloGame\GridManager.cpp(38,61): warning C4244:         with
C:\Users\p.serenrosso\Downloads\Tic-tac-toe\TicTacToe\SoloGame\GridManager.cpp(38,61): warning C4244:         [
C:\Users\p.serenrosso\Downloads\Tic-tac-toe\TicTacToe\SoloGame\GridManager.cpp(38,61): warning C4244:             T=float
C:\Users\p.serenrosso\Downloads\Tic-tac-toe\TicTacToe\SoloGame\GridManager.cpp(38,61): warning C4244:         ]
C:\Users\p.serenrosso\Downloads\Tic-tac-toe\TicTacToe\SoloGame\GridManager.cpp(54,102): warning C4244: 'argument': conversion from 'unsigned int' to 'float', possible loss of data
C:\Users\p.serenrosso\Downloads\Tic-tac-toe\TicTacToe\SoloGame\GridManager.cpp(54,61): warning C4244: 'argument': conversion from 'unsigned int' to 'float', possible loss of data
  main.cpp
C:\Users\p.serenrosso\Downloads\Tic-tac-toe\TicTacToe\SoloGame\main.cpp(26,8): warning C4101: 'threadId': unreferenced local variable
  PlayerController.cpp
  Tile.cpp
  Generating code
  Previous IPDB and IOBJ mismatch, fall back to full compilation.
  All 16 functions were compiled because no usable IPDB/IOBJ from previous compilation was found.
  Finished generating code
  SoloGame.vcxproj -> C:\Users\p.serenrosso\Downloads\Tic-tac-toe\TicTacToe\x64\Release\SoloGame.exe
